StarsSlots/StarsSlots/app/build/intermediates/manifest_merge_blame_file/release/manifest-merger-blame-release-report.txt
1<?xml version="1.0" encoding="utf-8"?>
2<manifest xmlns:android="http://schemas.android.com/apk/res/android"
3    xmlns:tools="http://schemas.android.com/tools"
4    package="com.qwkaji.smndjb.wqaskv" >
5
6    <uses-sdk
7        android:minSdkVersion="24"
7-->src\main\AndroidManifest.xml
8        android:targetSdkVersion="33" />
8-->src\main\AndroidManifest.xml
9
10    <uses-permission android:name="android.permission.INTERNET" />
10-->src\main\AndroidManifest.xml:4:5-67
10-->src\main\AndroidManifest.xml:4:22-64
11    <uses-permission android:name="android.permission.ACCESS_NETWORK_STATE" />
11-->src\main\AndroidManifest.xml:5:5-78
11-->src\main\AndroidManifest.xml:5:22-76
12    <uses-permission android:name="android.permission.ACCESS_WIFI_STATE" />
12-->src\main\AndroidManifest.xml:6:5-75
12-->src\main\AndroidManifest.xml:6:22-73
13
14    <application>
14-->src\main\AndroidManifest.xml:7:5-12:19
15        <activity
15-->src\main\AndroidManifest.xml:8:9-9:46
16            android:name="idasodqw.sadamoq.ccasda.Yasdnaiq"
16-->src\main\AndroidManifest.xml:8:19-66
17            android:launchMode="singleTask" />
17-->src\main\AndroidManifest.xml:9:13-44
18        <activity
18-->src\main\AndroidManifest.xml:10:9-11:46
19            android:name="idasodqw.sadamoq.ccasda.Pnasdanqw"
19-->src\main\AndroidManifest.xml:10:19-67
20            android:launchMode="singleTask" />
20-->src\main\AndroidManifest.xml:11:13-44
21    </application>
22
23</manifest>